<?xml version="1.0" encoding="UTF-8"?>
<!-- Generated by org.testng.reporters.JUnitReportReporter -->
<testsuite hostname="LAPTOP-II4UQ1BT" failures="0" tests="1" name="TestNG_Assignment.Que_16" time="0.396" errors="0" timestamp="2023-09-25T10:15:01 IST" skipped="0">
  <testcase classname="TestNG_Assignment.Que_16" name="login" time="0.396"/>
</testsuite> <!-- TestNG_Assignment.Que_16 -->
