<?xml version="1.0" encoding="UTF-8"?>
<!-- Generated by org.testng.reporters.JUnitReportReporter -->
<testsuite hostname="LAPTOP-II4UQ1BT" failures="0" tests="2" name="GroupMethod.Payment" time="0.004" errors="0" timestamp="2023-09-19T18:26:20 IST" skipped="0">
  <testcase classname="GroupMethod.Payment" name="creditCard" time="0.002"/>
  <testcase classname="GroupMethod.Payment" name="COD" time="0.002"/>
</testsuite> <!-- GroupMethod.Payment -->
