<?xml version="1.0" encoding="UTF-8"?>
<!-- Generated by org.testng.reporters.JUnitReportReporter -->
<testsuite hostname="LAPTOP-II4UQ1BT" failures="0" tests="3" name="eshop.Product" time="0.005" errors="0" timestamp="2023-09-19T18:20:59 IST" skipped="0">
  <testcase classname="eshop.Product" name="addtoCart" time="0.002"/>
  <testcase classname="eshop.Product" name="addToWishlist" time="0.001"/>
  <testcase classname="eshop.Product" name="searchProduct" time="0.002"/>
</testsuite> <!-- eshop.Product -->
