<?xml version="1.0" encoding="UTF-8"?>
<!-- Generated by org.testng.reporters.JUnitReportReporter -->
<testsuite hostname="LAPTOP-II4UQ1BT" failures="0" tests="2" name="Parameter.FBParaLogin" time="0.649" errors="0" timestamp="2023-09-19T18:37:39 IST" skipped="0">
  <testcase classname="Parameter.FBParaLogin" name="test" time="0.321"/>
  <testcase classname="Parameter.FBParaLogin" name="test" time="0.328"/>
</testsuite> <!-- Parameter.FBParaLogin -->
