<?xml version="1.0" encoding="UTF-8"?>
<!-- Generated by org.testng.reporters.JUnitReportReporter -->
<testsuite hostname="LAPTOP-II4UQ1BT" failures="0" tests="1" name="Parameter.ParametersTest" time="5.418" errors="0" timestamp="2023-09-19T18:38:29 IST" skipped="0">
  <testcase classname="Parameter.ParametersTest" name="login" time="5.418"/>
</testsuite> <!-- Parameter.ParametersTest -->
