<?xml version="1.0" encoding="UTF-8"?>
<!-- Generated by org.testng.reporters.JUnitReportReporter -->
<testsuite hostname="LAPTOP-II4UQ1BT" failures="0" tests="1" name="TestNG_Assignment.Que_18_Payment" time="0.002" errors="0" timestamp="2023-09-25T19:32:01 IST" skipped="0">
  <testcase classname="TestNG_Assignment.Que_18_Payment" name="COD" time="0.002"/>
</testsuite> <!-- TestNG_Assignment.Que_18_Payment -->
