<?xml version="1.0" encoding="UTF-8"?>
<!-- Generated by org.testng.reporters.JUnitReportReporter -->
<testsuite hostname="LAPTOP-II4UQ1BT" failures="0" tests="4" name="TestNG_Assignment.Que_17" time="1.319" errors="0" timestamp="2023-09-23T18:43:21 IST" skipped="0">
  <testcase classname="TestNG_Assignment.Que_17" name="login" time="0.365"/>
  <testcase classname="TestNG_Assignment.Que_17" name="login" time="0.294"/>
  <testcase classname="TestNG_Assignment.Que_17" name="login" time="0.308"/>
  <testcase classname="TestNG_Assignment.Que_17" name="login" time="0.352"/>
</testsuite> <!-- TestNG_Assignment.Que_17 -->
