<?xml version="1.0" encoding="UTF-8"?>
<!-- Generated by org.testng.reporters.JUnitReportReporter -->
<testsuite hostname="LAPTOP-II4UQ1BT" failures="0" tests="4" name="Basic.P01_Basic" time="0.033" errors="0" timestamp="2023-09-19T18:10:08 IST" skipped="0">
  <testcase classname="Basic.P01_Basic" name="test4" time="0.002"/>
  <testcase classname="Basic.P01_Basic" name="test1" time="0.026"/>
  <testcase classname="Basic.P01_Basic" name="test3" time="0.002"/>
  <testcase classname="Basic.P01_Basic" name="test2" time="0.003"/>
</testsuite> <!-- Basic.P01_Basic -->
