<?xml version="1.0" encoding="UTF-8"?>
<!-- Generated by org.testng.reporters.JUnitReportReporter -->
<testsuite hostname="LAPTOP-II4UQ1BT" failures="0" tests="4" name="Basic.P02_Priority" time="0.029" errors="0" timestamp="2023-09-19T18:12:42 IST" skipped="0">
  <testcase classname="Basic.P02_Priority" name="createAccount" time="0.022"/>
  <testcase classname="Basic.P02_Priority" name="login" time="0.003"/>
  <testcase classname="Basic.P02_Priority" name="logout" time="0.002"/>
  <testcase classname="Basic.P02_Priority" name="abc" time="0.002"/>
</testsuite> <!-- Basic.P02_Priority -->
