<?xml version="1.0" encoding="UTF-8"?>
<!-- Generated by org.testng.reporters.JUnitReportReporter -->
<testsuite hostname="LAPTOP-II4UQ1BT" failures="0" tests="2" name="TestNG_Assignment.Que_18_FoodItem" time="0.005" errors="0" timestamp="2023-09-25T19:32:01 IST" skipped="0">
  <testcase classname="TestNG_Assignment.Que_18_FoodItem" name="searchItem" time="0.003"/>
  <testcase classname="TestNG_Assignment.Que_18_FoodItem" name="addtoCart" time="0.002"/>
</testsuite> <!-- TestNG_Assignment.Que_18_FoodItem -->
