<?xml version="1.0" encoding="UTF-8"?>
<!-- Generated by org.testng.reporters.JUnitReportReporter -->
<testsuite hostname="LAPTOP-II4UQ1BT" failures="0" tests="2" name="GroupMethod.Product" time="0.018" errors="0" timestamp="2023-09-19T18:26:20 IST" skipped="0">
  <testcase classname="GroupMethod.Product" name="addtoCart" time="0.016"/>
  <testcase classname="GroupMethod.Product" name="searchProduct" time="0.002"/>
</testsuite> <!-- GroupMethod.Product -->
