<?xml version="1.0" encoding="UTF-8"?>
<!-- Generated by org.testng.reporters.JUnitReportReporter -->
<testsuite hostname="LAPTOP-II4UQ1BT" failures="0" tests="1" name="TestNG_Assignment.Que_15" time="4.598" errors="0" timestamp="2023-09-22T10:02:41 IST" skipped="0">
  <testcase classname="TestNG_Assignment.Que_15" name="fbLogin" time="4.598"/>
</testsuite> <!-- TestNG_Assignment.Que_15 -->
