<?xml version="1.0" encoding="UTF-8"?>
<!-- Generated by org.testng.reporters.JUnitReportReporter -->
<testsuite hostname="LAPTOP-II4UQ1BT" failures="0" tests="1" name="Basic.Annotations" time="0.013" errors="0" timestamp="2023-09-19T18:17:12 IST" skipped="0">
  <testcase classname="Basic.Annotations" name="test" time="0.013"/>
</testsuite> <!-- Basic.Annotations -->
