<?xml version="1.0" encoding="UTF-8"?>
<!-- Generated by org.testng.reporters.JUnitReportReporter -->
<testsuite hostname="LAPTOP-II4UQ1BT" failures="0" tests="4" name="eshop.Payment" time="0.009" errors="0" timestamp="2023-09-19T18:20:59 IST" skipped="0">
  <testcase classname="eshop.Payment" name="debitCard" time="0.002"/>
  <testcase classname="eshop.Payment" name="creditCard" time="0.002"/>
  <testcase classname="eshop.Payment" name="COD" time="0.002"/>
  <testcase classname="eshop.Payment" name="UPI" time="0.003"/>
</testsuite> <!-- eshop.Payment -->
