<?xml version="1.0" encoding="UTF-8"?>
<!-- Generated by org.testng.reporters.JUnitReportReporter -->
<testsuite hostname="LAPTOP-II4UQ1BT" failures="0" tests="1" name="TestNG_Assignment.Script_15" time="7.026" errors="0" timestamp="2023-09-19T19:02:31 IST" skipped="0">
  <testcase classname="TestNG_Assignment.Script_15" name="fbLogin" time="7.026"/>
</testsuite> <!-- TestNG_Assignment.Script_15 -->
