<?xml version="1.0" encoding="UTF-8"?>
<!-- Generated by org.testng.reporters.JUnitReportReporter -->
<testsuite hostname="LAPTOP-II4UQ1BT" failures="0" tests="2" name="TestNG_Assignment.Que_19" time="0.020" errors="0" timestamp="2023-09-25T21:38:07 IST" skipped="0">
  <testcase classname="TestNG_Assignment.Que_19" name="test" time="0.018"/>
  <testcase classname="TestNG_Assignment.Que_19" name="test" time="0.002"/>
</testsuite> <!-- TestNG_Assignment.Que_19 -->
