<?xml version="1.0" encoding="UTF-8"?>
<!-- Generated by org.testng.reporters.JUnitReportReporter -->
<testsuite hostname="LAPTOP-II4UQ1BT" failures="0" tests="3" name="CrossBrowserTesting.BrowserTest" time="18.944" errors="0" timestamp="2023-09-22T09:51:32 IST" skipped="0">
  <testcase classname="CrossBrowserTesting.BrowserTest" name="test" time="8.941"/>
  <testcase classname="CrossBrowserTesting.BrowserTest" name="test" time="4.039"/>
  <testcase classname="CrossBrowserTesting.BrowserTest" name="test" time="5.964"/>
</testsuite> <!-- CrossBrowserTesting.BrowserTest -->
