<?xml version="1.0" encoding="UTF-8"?>
<!-- Generated by org.testng.reporters.JUnitReportReporter -->
<testsuite hostname="LAPTOP-II4UQ1BT" failures="0" tests="4" name="eshop.User" time="0.024" errors="0" timestamp="2023-09-19T18:20:59 IST" skipped="0">
  <testcase classname="eshop.User" name="register" time="0.002"/>
  <testcase classname="eshop.User" name="logout" time="0.002"/>
  <testcase classname="eshop.User" name="profile" time="0.003"/>
  <testcase classname="eshop.User" name="login" time="0.017"/>
</testsuite> <!-- eshop.User -->
